1
3
6
10
15
21
28
36
45
55
56
58
61
65
70
76
83
91
100
110
111
113
116
120
125
131
138
146
155
165
166
168
171
175
180
186
193
201
210
220
221
223
226
230
235
241
248
256
265
275
276
278
281
285
290
296
303
311
320
330
331
333
336
340
345
351
358
366
375
385
386
388
391
395
400
406
413
421
430
440
441
443
446
450
455
461
468
476
485
495
496
498
501
505
510
516
523
531
540
550
551
553
556
560
565
571
578
586
595
605
606
608
611
615
620
626
633
641
650
660
661
663
666
670
675
681
688
696
705
715
716
718
721
725
730
736
743
751
760
770
771
773
776
780
785
791
798
806
815
825
826
828
831
835
840
846
853
861
870
880
881
883
886
890
895
901
908
916
925
935
936
938
941
945
950
956
963
971
980
990
991
993
996
1000
1005
1011
1018
1026
1035
1045
1046
1048
1051
1055
1060
1066
1073
1081
1090
1100
1101
1103
1106
1110
1115
1121
1128
1136
1145
1155
1156
1158
1161
1165
1170
1176
1183
1191
1200
1210
1211
1213
1216
1220
1225
1231
1238
1246
1255
1265
1266
1268
1271
1275
1280
1286
1293
1301
1310
1320
1321
1323
1326
1330
1335
1341
1348
1356
1365
1375
1376
1378
1381
1385
1390
1396
1403
1411
1420
1430
1431
1433
1436
1440
1445
1451
1458
1466
1475
1485
1486
1488
1491
1495
1500
1506
1513
1521
1530
1540
1541
1543
1546
1550
1555
1561
1568
1576
1585
1595
1596
1598
1601
1605
1610
1616
1623
1631
1640
1650
1651
1653
1656
1660
1665
1671
1678
1686
1695
1705
1706
1708
1711
1715
1720
1726
1733
1741
1750
1760
1761
1763
1766
1770
1775
1781
1788
1796
1805
1815
1816
1818
1821
1825
1830
1836
1843
1851
1860
1870
1871
1873
1876
1880
1885
1891
1898
1906
1915
1925
1926
1928
1931
1935
1940
1946
1953
1961
1970
1980
1981
1983
1986
1990
1995
2001
2008
2016
2025
2035
2036
2038
2041
2045
2050
2056
2063
2071
2080
2090
2091
2093
2096
2100
2105
2111
2118
2126
2135
2145
2146
2148
2151
2155
2160
2166
2173
2181
2190
2200
2201
2203
2206
2210
2215
2221
2228
2236
2245
2255
2256
2258
2261
2265
2270
2276
2283
2291
2300
2310
2311
2313
2316
2320
2325
2331
2338
2346
2355
2365
2366
2368
2371
2375
2380
2386
2393
2401
2410
2420
2421
2423
2426
2430
2435
2441
2448
2456
2465
2475
2476
2478
2481
2485
2490
2496
2503
2511
2520
2530
2531
2533
2536
2540
2545
2551
2558
2566
2575
2585
2586
2588
2591
2595
2600
2606
2613
2621
2630
2640
2641
2643
2646
2650
2655
2661
2668
2676
2685
2695
2696
2698
2701
2705
2710
2716
2723
2731
2740
2750
2751
2753
2756
2760
2765
2771
2778
2786
2795
2805
2806
2808
2811
2815
2820
2826
2833
2841
2850
2860
2861
2863
2866
2870
2875
2881
2888
2896
2905
2915
2916
2918
2921
2925
2930
2936
2943
2951
2960
2970
2971
2973
2976
2980
2985
2991
2998
3006
3015
3025
3026
3028
3031
3035
3040
3046
3053
3061
3070
3080
3081
3083
3086
3090
3095
3101
3108
3116
3125
3135
3136
3138
3141
3145
3150
3156
3163
3171
3180
3190
3191
3193
3196
3200
3205
3211
3218
3226
3235
3245
3246
3248
3251
3255
3260
3266
3273
3281
3290
3300
3301
3303
3306
3310
3315
3321
3328
3336
3345
3355
3356
3358
3361
3365
3370
3376
3383
3391
3400
3410
3411
3413
3416
3420
3425
3431
3438
3446
3455
3465
3466
3468
3471
3475
3480
3486
3493
3501
3510
3520
3521
3523
3526
3530
3535
3541
3548
3556
3565
3575
3576
3578
3581
3585
3590
3596
3603
3611
3620
3630
3631
3633
3636
3640
3645
3651
3658
3666
3675
3685
3686
3688
3691
3695
3700
3706
3713
3721
3730
3740
3741
3743
3746
3750
3755
3761
3768
3776
3785
3795
3796
3798
3801
3805
3810
3816
3823
3831
3840
3850
3851
3853
3856
3860
3865
3871
3878
3886
3895
3905
3906
3908
3911
3915
3920
3926
3933
3941
3950
3960
3961
3963
3966
3970
3975
3981
3988
3996
4005
4015
4016
4018
4021
4025
4030
4036
4043
4051
4060
4070
4071
4073
4076
4080
4085
4091
4098
4106
4115
4125
4126
4128
4131
4135
4140
4146
4153
4161
4170
4180
4181
4183
4186
4190
4195
4201
4208
4216
4225
4235
4236
4238
4241
4245
4250
4256
4263
4271
4280
4290
4291
4293
4296
4300
4305
4311
4318
4326
4335
4345
4346
4348
4351
4355
4360
4366
4373
4381
4390
4400
4401
4403
4406
4410
4415
4421
4428
4436
4445
4455
4456
4458
4461
4465
4470
4476
4483
4491
4500
4510
4511
4513
4516
4520
4525
4531
4538
4546
4555
4565
4566
4568
4571
4575
4580
4586
4593
4601
4610
4620
4621
4623
4626
4630
4635
4641
4648
4656
4665
4675
4676
4678
4681
4685
4690
4696
4703
4711
4720
4730
4731
4733
4736
4740
4745
4751
4758
4766
4775
4785
4786
4788
4791
4795
4800
4806
4813
4821
4830
4840
4841
4843
4846
4850
4855
4861
4868
4876
4885
4895
4896
4898
4901
4905
4910
4916
4923
4931
4940
4950
4951
4953
4956
4960
4965
4971
4978
4986
4995
5005
5006
5008
5011
5015
5020
5026
5033
5041
5050
5060
5061
5063
5066
5070
5075
5081
5088
5096
5105
5115
5116
5118
5121
5125
5130
5136
5143
5151
5160
5170
5171
5173
5176
5180
5185
5191
5198
5206
5215
5225
5226
5228
5231
5235
5240
5246
5253
5261
5270
5280
5281
5283
5286
5290
5295
5301
5308
5316
5325
5335
5336
5338
5341
5345
5350
5356
5363
5371
5380
5390
5391
5393
5396
5400
5405
5411
5418
5426
5435
5445
5446
5448
5451
5455
5460
5466
5473
5481
5490
5500
