286 
0x00000032 1 0x00000000 origin 5407 1 Ball 5407 1506648898
0x00000033 1 0x00000001 origin 5010 1 Sharron 5010 1506721274
0x00000034 1 0x00000002 origin 5785 1 Melanie 5785 1506878502
0x00000035 1 0x00000003 origin 2359 1 Crosby 2359 1506713946
0x00000036 1 0x00000004 origin 4396 1 Morrison 4396 1506801334
0x00000037 1 0x00000005 origin 1626 1 Bowen 1626 1506660508
0x00000038 1 0x00000006 origin 5235 1 Jennifer 5235 1506769615
0x00000039 1 0x00000007 origin 3945 1 Moss 3945 1506818612
0x0000003A 1 0x00000008 origin 2816 1 Florence 2816 1506636965
0x0000003B 1 0x00000009 origin 1849 1 Alford 1849 1506605202
0x0000003C 1 0x0000000A origin 6606 1 Bradshaw 6606 1506631312
0x0000003D 1 0x0000000B origin 2694 1 Ellis 2694 1506695906
0x0000003E 1 0x0000000C origin 1835 1 Wiggins 1835 1506586920
0x0000003F 1 0x0000000D origin 2576 1 Hess 2576 1506929713
0x00000040 1 0x0000000E origin 6713 1 Spears 6713 1506695113
0x00000041 1 0x0000000F origin 4929 1 Berry 4929 1506855585
0x00000042 1 0x00000010 origin 5574 1 Lang 5574 1506568861
0x00000043 1 0x00000011 origin 2427 1 Daniel 2427 1506766495
0x00000044 1 0x00000012 origin 6966 1 Barton 6966 1506710467
0x00000045 1 0x00000013 origin 1355 1 Gertrude 1355 1506571026
0x00000046 1 0x00000014 origin 5014 1 Beatrice 5014 1506958356
0x00000047 1 0x00000015 origin 2031 1 Valdez 2031 1506834176
0x00000048 1 0x00000016 origin 6601 1 Nikki 6601 1506831565
0x00000049 1 0x00000017 origin 4839 1 Mccarty 4839 1506869386
0x0000004A 1 0x00000018 origin 5240 1 Jeannie 5240 1506820654
0x0000004B 1 0x00000019 origin 2907 1 Bray 2907 1506865719
0x0000004C 1 0x0000001A origin 2508 1 Stevenson 2508 1506772061
0x0000004D 1 0x0000001B origin 3283 1 Roy 3283 1506924877
0x0000004E 1 0x0000001C origin 7487 1 Barr 7487 1506884622
0x0000004F 1 0x0000001D origin 5454 1 Lorna 5454 1506626723
0x00000050 1 0x0000001E origin 7467 1 Angeline 7467 1506916150
0x00000051 1 0x0000001F origin 2767 1 Hill 2767 1506849876
0x00000052 1 0x00000020 origin 7402 1 Lott 7402 1506951401
0x00000053 1 0x00000021 origin 4799 1 Butler 4799 1506871602
0x00000054 1 0x00000022 origin 6341 1 Thomas 6341 1506742048
0x00000055 1 0x00000023 origin 3550 1 Neal 3550 1506659008
0x00000056 1 0x00000024 origin 6817 1 Suzanne 6817 1506806617
0x00000057 1 0x00000025 origin 5505 1 Lee 5505 1506592557
0x00000058 1 0x00000026 origin 5693 1 Julia 5693 1506818898
0x00000059 1 0x00000027 origin 7170 1 Olivia 7170 1506747248
0x0000005A 1 0x00000028 origin 4767 1 Tommie 4767 1506694812
0x0000005B 1 0x00000029 origin 4094 1 Madeline 4094 1506868905
0x0000005C 1 0x0000002A origin 6856 1 Schneider 6856 1506716734
0x0000005D 1 0x0000002B origin 3637 1 Jan 3637 1506934524
0x0000005E 1 0x0000002C origin 2219 1 Bernadette 2219 1506834017
0x0000005F 1 0x0000002D origin 1426 1 Desiree 1426 1506818538
0x00000060 1 0x0000002E origin 4528 1 Traci 4528 1506853151
0x00000061 1 0x0000002F origin 2994 1 Good 2994 1506570228
0x00000062 1 0x00000030 origin 2123 1 Green 2123 1506721227
0x00000063 1 0x00000031 origin 2012 1 Kelli 2012 1506900911
0x00000064 1 0x00000038 Jennifer 5235 1 Morrison 5235 1506983552
0x00000065 1 0x00000048 Nikki 6601 2 Barton 4379 Schneider 2222 1506984004
0x00000066 2 0x0000005C Schneider 6856 0x00000065 Schneider 2222 2 Tommie 4086 Valdez 4992 1506984294
0x00000067 2 0x00000047 Valdez 2031 0x00000066 Valdez 4992 2 Jeannie 3142 Good 3881 1506984367
0x00000068 2 0x00000044 Barton 6966 0x00000065 Barton 4379 2 Lott 8793 Madeline 2552 1506984879
0x00000069 1 0x0000005F Desiree 1426 1 Lang 1426 1506985197
0x0000006A 2 0x0000005A Tommie 4767 0x00000066 Tommie 4086 1 Jeannie 8853 1506985542
0x0000006B 2 0x0000005B Madeline 4094 0x00000068 Madeline 2552 1 Thomas 6646 1506985783
0x0000006C 1 0x0000006B Thomas 6646 1 Lott 6646 1506985963
0x0000006D 3 0x00000052 Lott 7402 0x00000068 Lott 8793 0x0000006C Lott 6646 1 Bradshaw 22841 1506986435
0x0000006E 3 0x0000004A Jeannie 5240 0x00000067 Jeannie 3142 0x0000006A Jeannie 8853 2 Hill 7031 Alford 10204 1506986572
0x0000006F 1 0x00000042 Lang 5574 2 Jeannie 632 Lorna 4942 1506986915
0x00000070 2 0x00000036 Morrison 4396 0x00000064 Morrison 5235 2 Stevenson 6121 Lott 3510 1506987134
0x00000071 2 0x00000051 Hill 2767 0x0000006E Hill 7031 2 Desiree 5971 Berry 3827 1506987511
0x00000072 2 0x0000004F Lorna 5454 0x0000006F Lorna 4942 2 Jan 6354 Spears 4042 1506987847
0x00000073 1 0x0000006D Bradshaw 22841 2 Angeline 9105 Traci 13736 1506988068
0x00000074 1 0x00000040 Spears 6713 1 Green 6713 1506988364
0x00000075 2 0x00000050 Angeline 7467 0x00000073 Angeline 9105 1 Spears 16572 1506988784
0x00000076 1 0x0000003A Florence 2816 1 Stevenson 2816 1506989063
0x00000077 3 0x0000004C Stevenson 2508 0x00000070 Stevenson 6121 0x00000076 Stevenson 2816 2 Bray 5411 Spears 6034 1506989350
0x00000078 1 0x00000055 Neal 3550 1 Green 3550 1506989480
0x00000079 1 0x00000035 Crosby 2359 1 Jan 2359 1506990020
0x0000007A 1 0x00000072 Jan 6354 2 Hess 3499 Ball 2855 1506990249
0x0000007B 3 0x00000062 Green 2123 0x00000074 Green 6713 0x00000078 Green 3550 2 Daniel 7507 Spears 4879 1506990406
0x0000007C 3 0x00000075 Spears 16572 0x0000007B Spears 4879 0x00000077 Spears 6034 2 Thomas 21933 Hess 5552 1506990770
0x0000007D 1 0x0000005E Bernadette 2219 1 Valdez 2219 1506991218
0x0000007E 1 0x00000073 Traci 13736 1 Hess 13736 1506991264
0x0000007F 3 0x0000003F Hess 2576 0x0000007A Hess 3499 0x0000007E Hess 13736 2 Hill 3860 Traci 15951 1506991561
0x00000080 1 0x00000063 Kelli 2012 2 Morrison 1087 Lorna 925 1506991937
0x00000081 2 0x0000005D Jan 3637 0x00000079 Jan 2359 1 Valdez 5996 1506992397
0x00000082 2 0x00000060 Traci 4528 0x0000007F Traci 15951 1 Jennifer 20479 1506992681
0x00000083 2 0x00000032 Ball 5407 0x0000007A Ball 2855 2 Nikki 8262 Crosby 0 1506992909
0x00000084 1 0x00000053 Butler 4799 1 Barr 4799 1506993178
0x00000085 1 0x00000082 Jennifer 20479 2 Wiggins 14800 Gertrude 5679 1506993393
0x00000086 2 0x0000004E Barr 7487 0x00000084 Barr 4799 1 Good 12286 1506993796
0x00000087 1 0x00000056 Suzanne 6817 1 Thomas 6817 1506994028
0x00000088 1 0x00000083 Crosby 0 1 Tommie 0 1506994294
0x00000089 2 0x0000007D Valdez 2219 0x00000081 Valdez 5996 1 Lang 8215 1506994762
0x0000008A 1 0x0000006F Jeannie 632 2 Thomas 520 Neal 112 1506995058
0x0000008B 1 0x00000034 Melanie 5785 1 Jeannie 5785 1506995292
0x0000008C 1 0x0000003D Ellis 2694 1 Bowen 2694 1506995639
0x0000008D 2 0x00000041 Berry 4929 0x00000071 Berry 3827 1 Traci 8756 1506995997
0x0000008E 1 0x00000089 Lang 8215 1 Bradshaw 8215 1506996328
0x0000008F 3 0x0000007C Thomas 21933 0x00000054 Thomas 6341 0x0000008A Thomas 520 2 Ball 9746 Florence 19048 1506996647
0x00000090 1 0x00000088 Tommie 0 1 Thomas 0 1506996893
0x00000091 2 0x0000004B Bray 2907 0x00000077 Bray 5411 2 Jennifer 1578 Lang 6740 1506997145
0x00000092 3 0x00000061 Good 2994 0x00000067 Good 3881 0x00000086 Good 12286 2 Gertrude 14796 Butler 4365 1506997327
0x00000093 2 0x00000087 Thomas 6817 0x00000090 Thomas 0 1 Sharron 6817 1506997828
0x00000094 1 0x0000003E Wiggins 1835 1 Moss 1835 1506998012
0x00000095 2 0x0000003B Alford 1849 0x0000006E Alford 10204 2 Olivia 8265 Bray 3788 1506998313
0x00000096 2 0x00000043 Daniel 2427 0x0000007B Daniel 7507 1 Good 9934 1506998546
0x00000097 2 0x00000069 Lang 1426 0x00000091 Lang 6740 1 Wiggins 8166 1506998974
0x00000098 2 0x00000085 Wiggins 14800 0x00000097 Wiggins 8166 1 Jennifer 22966 1506999291
0x00000099 3 0x00000045 Gertrude 1355 0x00000085 Gertrude 5679 0x00000092 Gertrude 14796 2 Neal 8005 Stevenson 13825 1506999407
0x0000009A 1 0x0000008E Bradshaw 8215 1 Good 8215 1506999855
0x0000009B 1 0x00000095 Bray 3788 1 Barton 3788 1507000228
0x0000009C 2 0x00000096 Good 9934 0x0000009A Good 8215 1 Nikki 18149 1507000340
0x0000009D 2 0x00000033 Sharron 5010 0x00000093 Sharron 6817 2 Beatrice 8271 Good 3556 1507000616
0x0000009E 1 0x00000098 Jennifer 22966 2 Alford 3828 Wiggins 19138 1507001157
0x0000009F 1 0x00000058 Julia 5693 1 Traci 5693 1507001250
0x000000A0 1 0x00000057 Lee 5505 1 Bradshaw 5505 1507001759
0x000000A1 1 0x00000080 Morrison 1087 1 Crosby 1087 1507001947
0x000000A2 2 0x00000039 Moss 3945 0x00000094 Moss 1835 2 Alford 3630 Ball 2150 1507002232
0x000000A3 2 0x0000008D Traci 8756 0x0000009F Traci 5693 1 Melanie 14449 1507002400
0x000000A4 2 0x0000008A Neal 112 0x00000099 Neal 8005 1 Beatrice 8117 1507002849
0x000000A5 3 0x00000046 Beatrice 5014 0x0000009D Beatrice 8271 0x000000A4 Beatrice 8117 1 Daniel 21402 1507003074
0x000000A6 1 0x0000009C Nikki 18149 1 Wiggins 18149 1507003399
0x000000A7 2 0x0000009E Wiggins 19138 0x000000A6 Wiggins 18149 1 Hess 37287 1507003754
0x000000A8 1 0x000000A3 Melanie 14449 2 Bowen 673 Neal 13776 1507004109
0x000000A9 3 0x00000037 Bowen 1626 0x0000008C Bowen 2694 0x000000A8 Bowen 673 2 Bray 2854 Berry 2139 1507004281
0x000000AA 2 0x0000009E Alford 3828 0x000000A2 Alford 3630 2 Olivia 4848 Mccarty 2610 1507004609
0x000000AB 1 0x000000A2 Ball 2150 2 Morrison 1630 Ellis 520 1507004925
0x000000AC 2 0x00000059 Olivia 7170 0x00000095 Olivia 8265 1 Desiree 15435 1507005300
0x000000AD 2 0x0000003C Bradshaw 6606 0x000000A0 Bradshaw 5505 1 Green 12111 1507005655
0x000000AE 1 0x000000AA Olivia 4848 1 Bray 4848 1507005703
0x000000AF 2 0x0000007C Hess 5552 0x000000A7 Hess 37287 1 Green 42839 1507006223
0x000000B0 2 0x000000AD Green 12111 0x000000AF Green 42839 1 Neal 54950 1507006470
0x000000B1 2 0x00000049 Mccarty 4839 0x000000AA Mccarty 2610 1 Madeline 7449 1507006797
0x000000B2 1 0x000000B1 Madeline 7449 1 Lorna 7449 1507007018
0x000000B3 2 0x00000080 Lorna 925 0x000000B2 Lorna 7449 2 Stevenson 1117 Gertrude 7257 1507007256
0x000000B4 1 0x000000B3 Gertrude 7257 1 Spears 7257 1507007591
0x000000B5 2 0x00000071 Desiree 5971 0x000000AC Desiree 15435 1 Olivia 21406 1507007890
0x000000B6 2 0x00000072 Spears 4042 0x000000B4 Spears 7257 1 Angeline 11299 1507008315
0x000000B7 2 0x000000A9 Bray 2854 0x000000AE Bray 4848 1 Jeannie 7702 1507008463
0x000000B8 2 0x00000099 Stevenson 13825 0x000000B3 Stevenson 1117 2 Butler 8358 Lorna 6584 1507008727
0x000000B9 1 0x000000B8 Lorna 6584 1 Sharron 6584 1507009088
0x000000BA 2 0x000000A8 Neal 13776 0x000000B0 Neal 54950 1 Ball 68726 1507009316
0x000000BB 2 0x00000092 Butler 4365 0x000000B8 Butler 8358 1 Schneider 12723 1507009589
0x000000BC 2 0x0000008B Jeannie 5785 0x000000B7 Jeannie 7702 1 Roy 13487 1507009978
0x000000BD 2 0x0000008F Ball 9746 0x000000BA Ball 68726 1 Kelli 78472 1507010284
0x000000BE 1 0x000000A1 Crosby 1087 2 Schneider 591 Lott 496 1507010614
0x000000BF 2 0x0000004D Roy 3283 0x000000BC Roy 13487 1 Ball 16770 1507011024
0x000000C0 1 0x000000BD Kelli 78472 2 Roy 10605 Jeannie 67867 1507011122
0x000000C1 2 0x00000070 Lott 3510 0x000000BE Lott 496 1 Nikki 4006 1507011468
0x000000C2 2 0x00000083 Nikki 8262 0x000000C1 Nikki 4006 1 Angeline 12268 1507011881
0x000000C3 1 0x000000C0 Jeannie 67867 2 Lorna 6590 Sharron 61277 1507012205
0x000000C4 1 0x000000BF Ball 16770 2 Suzanne 2795 Bernadette 13975 1507012492
0x000000C5 1 0x0000008F Florence 19048 1 Lee 19048 1507012741
0x000000C6 1 0x000000C3 Lorna 6590 1 Olivia 6590 1507012965
0x000000C7 1 0x000000C0 Roy 10605 2 Lang 952 Nikki 9653 1507013372
0x000000C8 2 0x000000B6 Angeline 11299 0x000000C2 Angeline 12268 1 Moss 23567 1507013595
0x000000C9 1 0x000000C4 Bernadette 13975 1 Thomas 13975 1507013760
0x000000CA 1 0x000000BB Schneider 12723 2 Valdez 5418 Melanie 7305 1507014205
0x000000CB 1 0x000000CA Melanie 7305 2 Hess 3729 Berry 3576 1507014617
0x000000CC 2 0x000000B5 Olivia 21406 0x000000C6 Olivia 6590 1 Gertrude 27996 1507014855
0x000000CD 1 0x000000CB Berry 3576 2 Lang 1386 Good 2190 1507015024
0x000000CE 1 0x00000091 Jennifer 1578 1 Ball 1578 1507015315
0x000000CF 1 0x000000A5 Daniel 21402 2 Melanie 1873 Schneider 19529 1507015615
0x000000D0 1 0x000000CA Valdez 5418 1 Florence 5418 1507016106
0x000000D1 2 0x000000BE Schneider 591 0x000000CF Schneider 19529 1 Ellis 20120 1507016185
0x000000D2 2 0x000000C7 Lang 952 0x000000CD Lang 1386 2 Desiree 1837 Jan 501 1507016716
0x000000D3 1 0x0000009D Good 3556 2 Butler 2763 Alford 793 1507016922
0x000000D4 2 0x000000AB Ellis 520 0x000000D1 Ellis 20120 1 Jennifer 20640 1507017275
0x000000D5 2 0x000000B9 Sharron 6584 0x000000C3 Sharron 61277 1 Morrison 67861 1507017586
0x000000D6 2 0x000000AB Morrison 1630 0x000000D5 Morrison 67861 2 Crosby 25528 Berry 43963 1507017684
0x000000D7 1 0x000000CC Gertrude 27996 1 Julia 27996 1507018189
0x000000D8 2 0x000000A9 Berry 2139 0x000000D6 Berry 43963 2 Bradshaw 34926 Schneider 11176 1507018411
0x000000D9 1 0x000000D8 Bradshaw 34926 1 Jeannie 34926 1507018644
0x000000DA 1 0x000000C8 Moss 23567 1 Thomas 23567 1507019156
0x000000DB 2 0x000000C9 Thomas 13975 0x000000DA Thomas 23567 2 Spears 34325 Ellis 3217 1507019437
0x000000DC 1 0x000000D2 Jan 501 2 Moss 322 Bowen 179 1507019563
0x000000DD 1 0x000000CF Melanie 1873 2 Stevenson 511 Ellis 1362 1507019858
0x000000DE 2 0x000000DB Ellis 3217 0x000000DD Ellis 1362 2 Hill 1347 Jan 3232 1507020318
0x000000DF 2 0x0000007F Hill 3860 0x000000DE Hill 1347 1 Madeline 5207 1507020516
0x000000E0 1 0x000000C5 Lee 19048 1 Stevenson 19048 1507020958
0x000000E1 2 0x000000DD Stevenson 511 0x000000E0 Stevenson 19048 2 Gertrude 8775 Bray 10784 1507021141
0x000000E2 1 0x000000D6 Crosby 25528 2 Morrison 24974 Jeannie 554 1507021370
0x000000E3 2 0x000000D9 Jeannie 34926 0x000000E2 Jeannie 554 2 Ball 22460 Neal 13020 1507021833
0x000000E4 1 0x000000D4 Jennifer 20640 1 Traci 20640 1507022043
0x000000E5 2 0x000000CE Ball 1578 0x000000E3 Ball 22460 2 Bray 8289 Valdez 15749 1507022255
0x000000E6 2 0x000000E1 Bray 10784 0x000000E5 Bray 8289 2 Bernadette 8670 Lott 10403 1507022602
0x000000E7 1 0x000000DC Moss 322 2 Traci 141 Green 181 1507022793
0x000000E8 1 0x000000CD Good 2190 1 Crosby 2190 1507023103
0x000000E9 1 0x000000DE Jan 3232 1 Lang 3232 1507023372
0x000000EA 2 0x000000E4 Traci 20640 0x000000E7 Traci 141 2 Mccarty 14436 Bowen 6345 1507023878
0x000000EB 2 0x000000DC Bowen 179 0x000000EA Bowen 6345 2 Lott 3262 Jeannie 3262 1507024177
0x000000EC 1 0x000000E8 Crosby 2190 1 Alford 2190 1507024299
0x000000ED 1 0x000000C4 Suzanne 2795 2 Angeline 1171 Madeline 1624 1507024781
0x000000EE 1 0x000000C7 Nikki 9653 2 Alford 8596 Kelli 1057 1507025001
0x000000EF 3 0x000000D3 Alford 793 0x000000EC Alford 2190 0x000000EE Alford 8596 1 Jan 11579 1507025311
0x000000F0 2 0x000000E6 Lott 10403 0x000000EB Lott 3262 2 Bernadette 11876 Valdez 1789 1507025584
0x000000F1 2 0x000000DF Madeline 5207 0x000000ED Madeline 1624 1 Jeannie 6831 1507026011
0x000000F2 2 0x000000E5 Valdez 15749 0x000000F0 Valdez 1789 1 Olivia 17538 1507026174
0x000000F3 1 0x000000F1 Jeannie 6831 2 Good 4204 Lott 2627 1507026515
0x000000F4 2 0x000000E6 Bernadette 8670 0x000000F0 Bernadette 11876 1 Crosby 20546 1507026898
0x000000F5 1 0x000000E1 Gertrude 8775 1 Florence 8775 1507027208
0x000000F6 1 0x000000F4 Crosby 20546 2 Barton 18373 Ellis 2173 1507027264
0x000000F7 1 0x000000EB Jeannie 3262 2 Morrison 2272 Ball 990 1507027616
0x000000F8 1 0x000000D8 Schneider 11176 1 Morrison 11176 1507028042
0x000000F9 1 0x000000F7 Ball 990 1 Wiggins 990 1507028161
0x000000FA 3 0x000000E2 Morrison 24974 0x000000F7 Morrison 2272 0x000000F8 Morrison 11176 1 Lee 38422 1507028526
0x000000FC 2 0x0000009B Barton 3788 0x000000F6 Barton 18373 1 Thomas 22161 1507029146
0x000000FE 1 0x000000ED Angeline 1171 2 Stevenson 209 Mccarty 962 1507029773
0x000000FF 1 0x000000D0 Florence 5418 1 Thomas 5418 1507030193
0x00000101 1 0x000000CB Hess 3729 2 Jennifer 2246 Schneider 1483 1507030727
0x00000103 1 0x000000EA Mccarty 14436 2 Florence 5176 Neal 9260 1507031238
0x00000104 2 0x000000FC Thomas 22161 0x000000FF Thomas 5418 1 Lott 27579 1507031528
0x00000105 2 0x000000F3 Lott 2627 0x00000104 Lott 27579 2 Ellis 29528 Hess 678 1507031985
0x00000108 2 0x000000F6 Ellis 2173 0x00000105 Ellis 29528 1 Sharron 31701 1507032823
0x00000109 2 0x000000E3 Neal 13020 0x00000103 Neal 9260 2 Olivia 11509 Jennifer 10771 1507033218
0x0000010A 1 0x00000101 Schneider 1483 2 Hess 424 Stevenson 1059 1507033438
0x0000010F 1 0x00000109 Olivia 11509 2 Green 5792 Desiree 5717 1507035009
0x00000110 1 0x00000108 Sharron 31701 1 Morrison 31701 1507035120
0x00000111 1 0x000000F5 Florence 8775 1 Wiggins 8775 1507035575
0x00000115 2 0x00000105 Hess 678 0x0000010A Hess 424 2 Alford 135 Bowen 967 1507036800
0x00000117 2 0x000000F9 Wiggins 990 0x00000111 Wiggins 8775 2 Crosby 4575 Madeline 5190 1507037450
0x00000118 2 0x000000D2 Desiree 1837 0x0000010F Desiree 5717 1 Melanie 7554 1507037599
0x0000011A 2 0x000000FE Stevenson 209 0x0000010A Stevenson 1059 2 Ball 170 Gertrude 1098 1507038201
0x0000011B 1 0x000000DB Spears 34325 2 Lott 25636 Daniel 8689 1507038600
0x00000123 1 0x000000F2 Olivia 17538 1 Jan 17538 1507040786
0x00000126 1 0x00000115 Alford 135 2 Jan 73 Green 62 1507041709
0x00000128 1 0x00000118 Melanie 7554 2 Jan 3551 Crosby 4003 1507042487
0x00000129 2 0x00000126 Green 62 0x0000010F Green 5792 2 Barton 2129 Kelli 3725 1507042716
0x0000012A 2 0x000000EE Kelli 1057 0x00000129 Kelli 3725 2 Mccarty 2141 Alford 2641 1507042898
0x0000012D 1 0x0000012A Alford 2641 1 Gertrude 2641 1507043917
0x00000130 1 0x000000D7 Julia 27996 1 Thomas 27996 1507044781
0x00000131 1 0x0000011B Daniel 8689 1 Barton 8689 1507045091
0x00000133 2 0x00000129 Barton 2129 0x00000131 Barton 8689 2 Jennifer 9407 Desiree 1411 1507045838
0x00000134 1 0x000000FA Lee 38422 2 Hill 18358 Melanie 20064 1507045929

0x00000139 3 0x00000101 Jennifer 2246 0x00000109 Jennifer 10771 0x00000133 Jennifer 9407 2 Alford 14202 Desiree 8222 1507047557

0x0000013E 2 0x00000133 Desiree 1411 0x00000139 Desiree 8222 1 Morrison 9633 1507049153
0x0000013F 1 0x0000011B Lott 25636 1 Lang 25636 1507049179
0x00000141 2 0x000000FE Mccarty 962 0x0000012A Mccarty 2141 1 Wiggins 3103 1507049791
0x00000142 2 0x000000E9 Lang 3232 0x0000013F Lang 25636 1 Spears 28868 1507050318
0x00000143 2 0x00000110 Morrison 31701 0x0000013E Morrison 9633 1 Tommie 41334 1507050386
0x00000146 2 0x00000117 Crosby 4575 0x00000128 Crosby 4003 2 Green 4515 Daniel 4063 1507051435
0x00000147 2 0x000000E7 Green 181 0x00000146 Green 4515 1 Bernadette 4696 1507051820
0x00000148 1 0x00000117 Madeline 5190 2 Green 594 Daniel 4596 1507052104
0x00000149 2 0x00000146 Daniel 4063 0x00000148 Daniel 4596 2 Barton 2165 Neal 6494 1507052446

0x0000014B 1 0x00000149 Neal 6494 2 Ellis 0 Traci 6494 1507053029

0x00000157 1 0x00000134 Hill 18358 1 Jeannie 18358 1507056475
0x00000158 1 0x00000134 Melanie 20064 2 Sharron 13092 Beatrice 6972 1507056846
0x00000159 1 0x00000143 Tommie 41334 2 Angeline 6240 Good 35094 1507057219
0x0000015A 2 0x000000F3 Good 4204 0x00000159 Good 35094 1 Berry 39298 1507057453
0x0000015D 1 0x0000011A Ball 170 2 Lott 82 Alford 88 1507058405
0x0000015E 1 0x00000148 Green 594 2 Traci 415 Mccarty 179 1507058517
0x0000015F 1 0x0000014B Ellis 0 2 Schneider 0 Bradshaw 0 1507058983
0x00000161 1 0x0000015F Bradshaw 0 1 Alford 0 1507059457
0x00000162 1 0x00000157 Jeannie 18358 2 Suzanne 7431 Mccarty 10927 1507059698
0x00000163 1 0x00000103 Florence 5176 2 Beatrice 1218 Good 3958 1507060202
0x00000164 1 0x000000D3 Butler 2763 1 Bernadette 2763 1507060358
0x00000165 2 0x0000015D Alford 88 0x00000139 Alford 14202 1 Tommie 14290 1507060583
0x00000166 1 0x00000141 Wiggins 3103 2 Nikki 553 Sharron 2550 1507060963
0x00000167 1 0x00000162 Suzanne 7431 2 Gertrude 5405 Jeannie 2026 1507061170

0x00000169 2 0x0000014B Traci 6494 0x0000015E Traci 415 2 Lorna 5052 Jennifer 1857 1507061925
0x0000016A 1 0x00000166 Nikki 553 1 Traci 553 1507062326
0x0000016B 1 0x0000015F Schneider 0 2 Mccarty 0 Thomas 0 1507062541
0x0000016C 3 0x0000015E Mccarty 179 0x00000162 Mccarty 10927 0x0000016B Mccarty 0 2 Gertrude 8330 Crosby 2776 1507062695
0x0000016D 2 0x00000167 Gertrude 5405 0x0000016C Gertrude 8330 2 Bradshaw 9585 Schneider 4150 1507063019
0x0000016E 1 0x00000169 Jennifer 1857 1 Hill 1857 1507063369
0x0000016F 1 0x0000016B Thomas 0 1 Bray 0 1507063563
0x00000170 2 0x00000158 Beatrice 6972 0x00000163 Beatrice 1218 1 Lee 8190 1507064085

0x00000172 1 0x0000016F Bray 0 1 Jennifer 0 1507064755
0x00000173 2 0x00000147 Bernadette 4696 0x00000164 Bernadette 2763 1 Nikki 7459 1507064956
0x00000174 2 0x00000158 Sharron 13092 0x00000166 Sharron 2550 2 Neal 13165 Morrison 2477 1507065097


0x00000177 1 0x00000161 Alford 0 2 Bowen 0 Lang 0 1507066119
0x00000178 2 0x00000115 Bowen 967 0x00000177 Bowen 0 2 Berry 278 Wiggins 689 1507066375
0x00000179 2 0x0000015A Berry 39298 0x00000178 Berry 278 1 Morrison 39576 1507066626
0x0000017A 1 0x00000167 Jeannie 2026 1 Hill 2026 1507066991
0x0000017B 1 0x00000174 Morrison 2477 2 Jennifer 1043 Barr 1434 1507067311

0x0000017D 1 0x00000177 Lang 0 2 Ellis 0 Jeannie 0 1507067856


0x00000180 2 0x0000016E Hill 1857 0x0000017A Hill 2026 1 Lott 3883 1507068697
0x00000181 1 0x00000173 Nikki 7459 2 Lee 3921 Good 3538 1507069103
0x00000182 1 0x00000179 Morrison 39576 2 Desiree 21663 Stevenson 17913 1507069523





0x00000188 1 0x0000016A Traci 553 1 Alford 553 1507071330
0x00000189 1 0x00000182 Stevenson 17913 2 Alford 3359 Ellis 14554 1507071571

0x0000018B 1 0x00000172 Jennifer 0 2 Valdez 0 Lee 0 1507072118

0x0000018D 2 0x00000188 Alford 553 0x00000189 Alford 3359 1 Barton 3912 1507072569

0x0000018F 1 0x00000130 Thomas 27996 1 Lang 27996 1507073209

0x00000191 1 0x00000178 Wiggins 689 1 Florence 689 1507074055

0x00000193 1 0x0000017D Jeannie 0 2 Good 0 Mccarty 0 1507074453

0x00000195 2 0x00000149 Barton 2165 0x0000018D Barton 3912 1 Stevenson 6077 1507075162











0x000001A1 1 0x0000016D Schneider 4150 2 Beatrice 3094 Berry 1056 1507078719





0x000001A7 1 0x00000189 Ellis 14554 2 Wiggins 9028 Melanie 5526 1507080602





























0x0000012B 4 0x00000128 Jan 3551 0x00000128 Jan 3551 0x00000123 Jan 17538 0x00000123 Jan 17538 1 Madeline 42178 1507043417







0x0000013A 2 0x0000012D Gertrude 2641 0x0000012D Gertrude 2641 2 Bray 3007 Neal 2275 1507047737


















